
2024-09-10 01:18:56, Nickname:[Никита]-> Присоеденился к чату
2024-09-10 01:19:02, Nickname:[Никита]-> Привет
2024-09-10 01:19:06, Nickname:[Никита]-> Как дела?
2024-09-10 01:19:08, Nickname:[Никита]-> Пока
2024-09-12 15:22:39, Nickname:[вп]-> Присоеденился к чату
2024-09-12 15:22:41, Nickname:[вп]-> ар
2024-09-12 15:22:43, Nickname:[вп]-> вкнв
2024-09-12 15:22:44, Nickname:[вп]-> аеш
2024-09-12 15:41:48, Nickname:[gcdj]-> Присоеденился к чату
2024-09-12 15:41:49, Nickname:[gcdj]-> cgfjc
2024-09-12 15:41:50, Nickname:[gcdj]-> gyukg 
2024-09-12 15:41:52, Nickname:[gcdj]-> ugk
2024-09-12 15:52:32, Nickname:[gr]-> Присоеденился к чату
2024-09-12 15:52:34, Nickname:[gr]-> FFF
2024-09-12 15:52:42, Nickname:[gr]-> dvs
2024-09-14 19:33:50, Nickname:[Rrr]-> Присоеденился к чату
2024-09-15 11:20:01, Nickname:[GG]-> Присоеденился к чату
2024-09-15 11:20:01, Nickname:[GG]-> Присоеденился к чату
2024-09-15 11:20:09, Nickname:[GG]-> Ghbdhtn
2024-09-15 11:20:09, Nickname:[GG]-> Ghbdhtn
2024-09-15 11:20:14, Nickname:[GG]-> exit
2024-09-15 11:20:14, Nickname:[GG]-> Покинул чат
